android_tutorial_pubsub/build/outputs/logs/manifest-merger-debug-report.txt
-- Merging decision tree log ---
manifest
ADDED from android_core/android_tutorial_pubsub/AndroidManifest.xml:2:1-33:12
	package
		ADDED from android_core/android_tutorial_pubsub/AndroidManifest.xml:2:117-166
		INJECTED from android_core/android_tutorial_pubsub/AndroidManifest.xml
		INJECTED from android_core/android_tutorial_pubsub/AndroidManifest.xml
	android:versionName
		INJECTED from android_core/android_tutorial_pubsub/AndroidManifest.xml
		INJECTED from android_core/android_tutorial_pubsub/AndroidManifest.xml
	xmlns:tools
		ADDED from android_core/android_tutorial_pubsub/AndroidManifest.xml:2:70-116
	xmlns:android
		ADDED from android_core/android_tutorial_pubsub/AndroidManifest.xml:2:11-69
	android:versionCode
		INJECTED from android_core/android_tutorial_pubsub/AndroidManifest.xml
		INJECTED from android_core/android_tutorial_pubsub/AndroidManifest.xml
uses-permission#android.permission.INTERNET
ADDED from android_core/android_tutorial_pubsub/AndroidManifest.xml:4:5-67
MERGED from [com.empatica.empalink:empalink:2.1] AndroidManifest.xml:13:5-67
	android:name
		ADDED from android_core/android_tutorial_pubsub/AndroidManifest.xml:4:22-64
uses-permission#android.permission.WAKE_LOCK
ADDED from android_core/android_tutorial_pubsub/AndroidManifest.xml:5:5-68
MERGED from [org.ros.android_core:android_10:0.3.3] AndroidManifest.xml:15:5-68
	android:name
		ADDED from android_core/android_tutorial_pubsub/AndroidManifest.xml:5:22-65
uses-permission#android.permission.SYSTEM_ALERT_WINDOW
ADDED from android_core/android_tutorial_pubsub/AndroidManifest.xml:6:5-78
MERGED from [org.ros.android_core:android_10:0.3.3] AndroidManifest.xml:16:5-78
	android:name
		ADDED from android_core/android_tutorial_pubsub/AndroidManifest.xml:6:22-75
uses-permission#android.permission.ACCESS_COARSE_LOCATION
ADDED from android_core/android_tutorial_pubsub/AndroidManifest.xml:7:5-80
	android:name
		ADDED from android_core/android_tutorial_pubsub/AndroidManifest.xml:7:22-78
application
ADDED from android_core/android_tutorial_pubsub/AndroidManifest.xml:10:5-31:19
MERGED from [org.ros.android_core:android_10:0.3.3] AndroidManifest.xml:18:5-34:19
MERGED from [com.empatica.empalink:empalink:2.1] AndroidManifest.xml:19:5-24:19
MERGED from [com.android.support:appcompat-v7:25.1.0] AndroidManifest.xml:25:5-20
MERGED from [com.android.support:support-v4:25.1.0] AndroidManifest.xml:25:5-20
MERGED from [com.android.support:support-fragment:25.1.0] AndroidManifest.xml:25:5-20
MERGED from [com.android.support:support-media-compat:25.1.0] AndroidManifest.xml:25:5-20
MERGED from [com.android.support:support-core-ui:25.1.0] AndroidManifest.xml:25:5-20
MERGED from [com.android.support:support-core-utils:25.1.0] AndroidManifest.xml:25:5-20
MERGED from [com.android.support:animated-vector-drawable:25.1.0] AndroidManifest.xml:22:5-20
MERGED from [com.android.support:support-vector-drawable:25.1.0] AndroidManifest.xml:23:5-20
MERGED from [com.android.support:support-compat:25.1.0] AndroidManifest.xml:25:5-20
	android:label
		ADDED from android_core/android_tutorial_pubsub/AndroidManifest.xml:12:9-41
	android:allowBackup
		ADDED from android_core/android_tutorial_pubsub/AndroidManifest.xml:14:9-35
	android:icon
		ADDED from android_core/android_tutorial_pubsub/AndroidManifest.xml:11:9-43
		REJECTED from [org.ros.android_core:android_10:0.3.3] AndroidManifest.xml:19:9-36
	android:theme
		ADDED from [com.empatica.empalink:empalink:2.1] AndroidManifest.xml:22:9-40
	tools:replace
		ADDED from android_core/android_tutorial_pubsub/AndroidManifest.xml:13:9-37
activity#org.ros.android.android_tutorial_pubsub.MainActivity
ADDED from android_core/android_tutorial_pubsub/AndroidManifest.xml:15:9-23:20
	android:label
		ADDED from android_core/android_tutorial_pubsub/AndroidManifest.xml:17:13-45
	android:name
		ADDED from android_core/android_tutorial_pubsub/AndroidManifest.xml:16:13-80
intent-filter#android.intent.action.MAIN+android.intent.category.LAUNCHER
ADDED from android_core/android_tutorial_pubsub/AndroidManifest.xml:18:13-22:29
action#android.intent.action.MAIN
ADDED from android_core/android_tutorial_pubsub/AndroidManifest.xml:19:17-69
	android:name
		ADDED from android_core/android_tutorial_pubsub/AndroidManifest.xml:19:25-66
category#android.intent.category.LAUNCHER
ADDED from android_core/android_tutorial_pubsub/AndroidManifest.xml:21:17-77
	android:name
		ADDED from android_core/android_tutorial_pubsub/AndroidManifest.xml:21:27-74
activity#org.ros.android.MasterChooser
ADDED from android_core/android_tutorial_pubsub/AndroidManifest.xml:24:9-66
MERGED from [org.ros.android_core:android_10:0.3.3] AndroidManifest.xml:21:9-25:54
	android:label
		ADDED from [org.ros.android_core:android_10:0.3.3] AndroidManifest.xml:23:13-45
	android:launchMode
		ADDED from [org.ros.android_core:android_10:0.3.3] AndroidManifest.xml:24:13-42
	android:theme
		ADDED from [org.ros.android_core:android_10:0.3.3] AndroidManifest.xml:25:13-51
	android:name
		ADDED from android_core/android_tutorial_pubsub/AndroidManifest.xml:24:19-63
service#org.ros.android.NodeMainExecutorService
ADDED from android_core/android_tutorial_pubsub/AndroidManifest.xml:26:9-30:19
MERGED from [org.ros.android_core:android_10:0.3.3] AndroidManifest.xml:27:9-33:19
	tools:ignore
		ADDED from [org.ros.android_core:android_10:0.3.3] AndroidManifest.xml:29:13-43
	android:name
		ADDED from android_core/android_tutorial_pubsub/AndroidManifest.xml:26:18-72
intent-filter#org.ros.android.NodeMainExecutorService
ADDED from android_core/android_tutorial_pubsub/AndroidManifest.xml:27:13-29:29
action#org.ros.android.NodeMainExecutorService
ADDED from android_core/android_tutorial_pubsub/AndroidManifest.xml:28:17-82
	android:name
		ADDED from android_core/android_tutorial_pubsub/AndroidManifest.xml:28:25-79
uses-sdk
INJECTED from android_core/android_tutorial_pubsub/AndroidManifest.xml reason: use-sdk injection requested
MERGED from [org.ros.android_core:android_10:0.3.3] AndroidManifest.xml:8:5-10:41
MERGED from [com.empatica.empalink:empalink:2.1] AndroidManifest.xml:7:5-9:41
MERGED from [com.android.support:appcompat-v7:25.1.0] AndroidManifest.xml:21:5-23:78
MERGED from [com.android.support:support-v4:25.1.0] AndroidManifest.xml:21:5-23:54
MERGED from [com.android.support:support-fragment:25.1.0] AndroidManifest.xml:21:5-23:60
MERGED from [com.android.support:support-media-compat:25.1.0] AndroidManifest.xml:21:5-23:63
MERGED from [com.android.support:support-core-ui:25.1.0] AndroidManifest.xml:21:5-23:58
MERGED from [com.android.support:support-core-utils:25.1.0] AndroidManifest.xml:21:5-23:61
MERGED from [com.android.support:animated-vector-drawable:25.1.0] AndroidManifest.xml:20:5-44
MERGED from [com.android.support:support-vector-drawable:25.1.0] AndroidManifest.xml:21:5-43
MERGED from [com.android.support:support-compat:25.1.0] AndroidManifest.xml:21:5-23:58
	tools:overrideLibrary
		ADDED from [com.android.support:appcompat-v7:25.1.0] AndroidManifest.xml:23:9-75
	android:targetSdkVersion
		INJECTED from android_core/android_tutorial_pubsub/AndroidManifest.xml
		INJECTED from android_core/android_tutorial_pubsub/AndroidManifest.xml
	android:minSdkVersion
		INJECTED from android_core/android_tutorial_pubsub/AndroidManifest.xml
		INJECTED from android_core/android_tutorial_pubsub/AndroidManifest.xml
uses-permission#android.permission.WRITE_EXTERNAL_STORAGE
ADDED from [org.ros.android_core:android_10:0.3.3] AndroidManifest.xml:12:5-81
	android:name
		ADDED from [org.ros.android_core:android_10:0.3.3] AndroidManifest.xml:12:22-78
uses-permission#android.permission.ACCESS_WIFI_STATE
ADDED from [org.ros.android_core:android_10:0.3.3] AndroidManifest.xml:13:5-76
	android:name
		ADDED from [org.ros.android_core:android_10:0.3.3] AndroidManifest.xml:13:22-73
uses-permission#android.permission.CHANGE_WIFI_STATE
ADDED from [org.ros.android_core:android_10:0.3.3] AndroidManifest.xml:14:5-76
	android:name
		ADDED from [org.ros.android_core:android_10:0.3.3] AndroidManifest.xml:14:22-73
uses-permission#android.permission.READ_EXTERNAL_STORAGE
IMPLIED from android_core/android_tutorial_pubsub/AndroidManifest.xml:2:1-33:12 reason: org.ros.android.android_10 requested WRITE_EXTERNAL_STORAGE
uses-permission#android.permission.BLUETOOTH
ADDED from [com.empatica.empalink:empalink:2.1] AndroidManifest.xml:11:5-68
	android:name
		ADDED from [com.empatica.empalink:empalink:2.1] AndroidManifest.xml:11:22-65
uses-permission#android.permission.BLUETOOTH_ADMIN
ADDED from [com.empatica.empalink:empalink:2.1] AndroidManifest.xml:12:5-74
	android:name
		ADDED from [com.empatica.empalink:empalink:2.1] AndroidManifest.xml:12:22-71
uses-feature#android.hardware.bluetooth_le
ADDED from [com.empatica.empalink:empalink:2.1] AndroidManifest.xml:15:5-17:35
	android:required
		ADDED from [com.empatica.empalink:empalink:2.1] AndroidManifest.xml:17:9-32
	android:name
		ADDED from [com.empatica.empalink:empalink:2.1] AndroidManifest.xml:16:9-53
service#com.empatica.empalink.EmpaLinkBLE
ADDED from [com.empatica.empalink:empalink:2.1] AndroidManifest.xml:23:9-69
	android:name
		ADDED from [com.empatica.empalink:empalink:2.1] AndroidManifest.xml:23:18-66